[0m[[0m[0mdebug[0m] [0m[0m> Exec(update, Some(16a739b2-ce4a-4cec-8351-86e3e2ac026d), Some(CommandSource(console0)))[0m
[0m[[0m[0mdebug[0m] [0m[0mEvaluating tasks: update[0m
[0m[[0m[0mdebug[0m] [0m[0mRunning task... Cancel: Signal, check cycles: false, forcegc: true[0m
[0m[[0m[0minfo[0m] [0m[0mUpdating [0m
[0m[[0m[0minfo[0m] [0m[0mResolved  dependencies[0m
[0m[[0m[33mwarn[0m] [0m[0m[0m
[0m[[0m[33mwarn[0m] [0m[0m	Note: Unresolved dependencies path:[0m
[0m[[0m[31merror[0m] [0m[0msbt.librarymanagement.ResolveException: Error downloading org.geotools:gt-process:23.3[0m
[0m[[0m[31merror[0m] [0m[0m  Not found[0m
[0m[[0m[31merror[0m] [0m[0m  Not found[0m
[0m[[0m[31merror[0m] [0m[0m  not found: C:\Users\Siddh\.ivy2\local\org.geotools\gt-process\23.3\ivys\ivy.xml[0m
[0m[[0m[31merror[0m] [0m[0m  not found: https://repo1.maven.org/maven2/org/geotools/gt-process/23.3/gt-process-23.3.pom[0m
[0m[[0m[31merror[0m] [0m[0m  not found: https://repo.locationtech.org/content/groups/releases/org/geotools/gt-process/23.3/gt-process-23.3.pom[0m
[0m[[0m[31merror[0m] [0m[0m  not found: https://repository.apache.org/content/repositories/releases/org/geotools/gt-process/23.3/gt-process-23.3.pom[0m
[0m[[0m[31merror[0m] [0m[0mError downloading org.geotools:gt-referencing:23.3[0m
[0m[[0m[31merror[0m] [0m[0m  Not found[0m
[0m[[0m[31merror[0m] [0m[0m  Not found[0m
[0m[[0m[31merror[0m] [0m[0m  not found: C:\Users\Siddh\.ivy2\local\org.geotools\gt-referencing\23.3\ivys\ivy.xml[0m
[0m[[0m[31merror[0m] [0m[0m  not found: https://repo1.maven.org/maven2/org/geotools/gt-referencing/23.3/gt-referencing-23.3.pom[0m
[0m[[0m[31merror[0m] [0m[0m  not found: https://repo.locationtech.org/content/groups/releases/org/geotools/gt-referencing/23.3/gt-referencing-23.3.pom[0m
[0m[[0m[31merror[0m] [0m[0m  not found: https://repository.apache.org/content/repositories/releases/org/geotools/gt-referencing/23.3/gt-referencing-23.3.pom[0m
[0m[[0m[31merror[0m] [0m[0mError downloading org.geotools:gt-shapefile:23.3[0m
[0m[[0m[31merror[0m] [0m[0m  Not found[0m
[0m[[0m[31merror[0m] [0m[0m  Not found[0m
[0m[[0m[31merror[0m] [0m[0m  not found: C:\Users\Siddh\.ivy2\local\org.geotools\gt-shapefile\23.3\ivys\ivy.xml[0m
[0m[[0m[31merror[0m] [0m[0m  not found: https://repo1.maven.org/maven2/org/geotools/gt-shapefile/23.3/gt-shapefile-23.3.pom[0m
[0m[[0m[31merror[0m] [0m[0m  not found: https://repo.locationtech.org/content/groups/releases/org/geotools/gt-shapefile/23.3/gt-shapefile-23.3.pom[0m
[0m[[0m[31merror[0m] [0m[0m  not found: https://repository.apache.org/content/repositories/releases/org/geotools/gt-shapefile/23.3/gt-shapefile-23.3.pom[0m
[0m[[0m[31merror[0m] [0m[0mError downloading org.geotools:gt-metadata:23.3[0m
[0m[[0m[31merror[0m] [0m[0m  Not found[0m
[0m[[0m[31merror[0m] [0m[0m  Not found[0m
[0m[[0m[31merror[0m] [0m[0m  not found: C:\Users\Siddh\.ivy2\local\org.geotools\gt-metadata\23.3\ivys\ivy.xml[0m
[0m[[0m[31merror[0m] [0m[0m  not found: https://repo1.maven.org/maven2/org/geotools/gt-metadata/23.3/gt-metadata-23.3.pom[0m
[0m[[0m[31merror[0m] [0m[0m  not found: https://repo.locationtech.org/content/groups/releases/org/geotools/gt-metadata/23.3/gt-metadata-23.3.pom[0m
[0m[[0m[31merror[0m] [0m[0m  not found: https://repository.apache.org/content/repositories/releases/org/geotools/gt-metadata/23.3/gt-metadata-23.3.pom[0m
[0m[[0m[31merror[0m] [0m[0mError downloading org.geotools:gt-transform:23.3[0m
[0m[[0m[31merror[0m] [0m[0m  Not found[0m
[0m[[0m[31merror[0m] [0m[0m  Not found[0m
[0m[[0m[31merror[0m] [0m[0m  not found: C:\Users\Siddh\.ivy2\local\org.geotools\gt-transform\23.3\ivys\ivy.xml[0m
[0m[[0m[31merror[0m] [0m[0m  not found: https://repo1.maven.org/maven2/org/geotools/gt-transform/23.3/gt-transform-23.3.pom[0m
[0m[[0m[31merror[0m] [0m[0m  not found: https://repo.locationtech.org/content/groups/releases/org/geotools/gt-transform/23.3/gt-transform-23.3.pom[0m
[0m[[0m[31merror[0m] [0m[0m  not found: https://repository.apache.org/content/repositories/releases/org/geotools/gt-transform/23.3/gt-transform-23.3.pom[0m
[0m[[0m[31merror[0m] [0m[0mError downloading org.geotools:gt-process-feature:23.3[0m
[0m[[0m[31merror[0m] [0m[0m  Not found[0m
[0m[[0m[31merror[0m] [0m[0m  Not found[0m
[0m[[0m[31merror[0m] [0m[0m  not found: C:\Users\Siddh\.ivy2\local\org.geotools\gt-process-feature\23.3\ivys\ivy.xml[0m
[0m[[0m[31merror[0m] [0m[0m  not found: https://repo1.maven.org/maven2/org/geotools/gt-process-feature/23.3/gt-process-feature-23.3.pom[0m
[0m[[0m[31merror[0m] [0m[0m  not found: https://repo.locationtech.org/content/groups/releases/org/geotools/gt-process-feature/23.3/gt-process-feature-23.3.pom[0m
[0m[[0m[31merror[0m] [0m[0m  not found: https://repository.apache.org/content/repositories/releases/org/geotools/gt-process-feature/23.3/gt-process-feature-23.3.pom[0m
[0m[[0m[31merror[0m] [0m[0mError downloading org.geotools:gt-opengis:23.3[0m
[0m[[0m[31merror[0m] [0m[0m  Not found[0m
[0m[[0m[31merror[0m] [0m[0m  Not found[0m
[0m[[0m[31merror[0m] [0m[0m  not found: C:\Users\Siddh\.ivy2\local\org.geotools\gt-opengis\23.3\ivys\ivy.xml[0m
[0m[[0m[31merror[0m] [0m[0m  not found: https://repo1.maven.org/maven2/org/geotools/gt-opengis/23.3/gt-opengis-23.3.pom[0m
[0m[[0m[31merror[0m] [0m[0m  not found: https://repo.locationtech.org/content/groups/releases/org/geotools/gt-opengis/23.3/gt-opengis-23.3.pom[0m
[0m[[0m[31merror[0m] [0m[0m  not found: https://repository.apache.org/content/repositories/releases/org/geotools/gt-opengis/23.3/gt-opengis-23.3.pom[0m
[0m[[0m[31merror[0m] [0m[0mError downloading org.geotools:gt-grid:23.3[0m
[0m[[0m[31merror[0m] [0m[0m  Not found[0m
[0m[[0m[31merror[0m] [0m[0m  Not found[0m
[0m[[0m[31merror[0m] [0m[0m  not found: C:\Users\Siddh\.ivy2\local\org.geotools\gt-grid\23.3\ivys\ivy.xml[0m
[0m[[0m[31merror[0m] [0m[0m  not found: https://repo1.maven.org/maven2/org/geotools/gt-grid/23.3/gt-grid-23.3.pom[0m
[0m[[0m[31merror[0m] [0m[0m  not found: https://repo.locationtech.org/content/groups/releases/org/geotools/gt-grid/23.3/gt-grid-23.3.pom[0m
[0m[[0m[31merror[0m] [0m[0m  not found: https://repository.apache.org/content/repositories/releases/org/geotools/gt-grid/23.3/gt-grid-23.3.pom[0m
[0m[[0m[31merror[0m] [0m[0mError downloading org.geotools:gt-cql:23.3[0m
[0m[[0m[31merror[0m] [0m[0m  Not found[0m
[0m[[0m[31merror[0m] [0m[0m  Not found[0m
[0m[[0m[31merror[0m] [0m[0m  not found: C:\Users\Siddh\.ivy2\local\org.geotools\gt-cql\23.3\ivys\ivy.xml[0m
[0m[[0m[31merror[0m] [0m[0m  not found: https://repo1.maven.org/maven2/org/geotools/gt-cql/23.3/gt-cql-23.3.pom[0m
[0m[[0m[31merror[0m] [0m[0m  not found: https://repo.locationtech.org/content/groups/releases/org/geotools/gt-cql/23.3/gt-cql-23.3.pom[0m
[0m[[0m[31merror[0m] [0m[0m  not found: https://repository.apache.org/content/repositories/releases/org/geotools/gt-cql/23.3/gt-cql-23.3.pom[0m
[0m[[0m[31merror[0m] [0m[0mError downloading org.geotools:gt-render:23.3[0m
[0m[[0m[31merror[0m] [0m[0m  Not found[0m
[0m[[0m[31merror[0m] [0m[0m  Not found[0m
[0m[[0m[31merror[0m] [0m[0m  not found: C:\Users\Siddh\.ivy2\local\org.geotools\gt-render\23.3\ivys\ivy.xml[0m
[0m[[0m[31merror[0m] [0m[0m  not found: https://repo1.maven.org/maven2/org/geotools/gt-render/23.3/gt-render-23.3.pom[0m
[0m[[0m[31merror[0m] [0m[0m  not found: https://repo.locationtech.org/content/groups/releases/org/geotools/gt-render/23.3/gt-render-23.3.pom[0m
[0m[[0m[31merror[0m] [0m[0m  not found: https://repository.apache.org/content/repositories/releases/org/geotools/gt-render/23.3/gt-render-23.3.pom[0m
[0m[[0m[31merror[0m] [0m[0mError downloading org.geotools:gt-main:23.3[0m
[0m[[0m[31merror[0m] [0m[0m  Not found[0m
[0m[[0m[31merror[0m] [0m[0m  Not found[0m
[0m[[0m[31merror[0m] [0m[0m  not found: C:\Users\Siddh\.ivy2\local\org.geotools\gt-main\23.3\ivys\ivy.xml[0m
[0m[[0m[31merror[0m] [0m[0m  not found: https://repo1.maven.org/maven2/org/geotools/gt-main/23.3/gt-main-23.3.pom[0m
[0m[[0m[31merror[0m] [0m[0m  not found: https://repo.locationtech.org/content/groups/releases/org/geotools/gt-main/23.3/gt-main-23.3.pom[0m
[0m[[0m[31merror[0m] [0m[0m  not found: https://repository.apache.org/content/repositories/releases/org/geotools/gt-main/23.3/gt-main-23.3.pom[0m
[0m[[0m[31merror[0m] [0m[0m	at lmcoursier.CoursierDependencyResolution.unresolvedWarningOrThrow(CoursierDependencyResolution.scala:344)[0m
[0m[[0m[31merror[0m] [0m[0m	at lmcoursier.CoursierDependencyResolution.$anonfun$update$38(CoursierDependencyResolution.scala:313)[0m
[0m[[0m[31merror[0m] [0m[0m	at scala.util.Either$LeftProjection.map(Either.scala:573)[0m
[0m[[0m[31merror[0m] [0m[0m	at lmcoursier.CoursierDependencyResolution.update(CoursierDependencyResolution.scala:313)[0m
[0m[[0m[31merror[0m] [0m[0m	at sbt.librarymanagement.DependencyResolution.update(DependencyResolution.scala:60)[0m
[0m[[0m[31merror[0m] [0m[0m	at sbt.internal.LibraryManagement$.resolve$1(LibraryManagement.scala:60)[0m
[0m[[0m[31merror[0m] [0m[0m	at sbt.internal.LibraryManagement$.$anonfun$cachedUpdate$12(LibraryManagement.scala:134)[0m
[0m[[0m[31merror[0m] [0m[0m	at sbt.util.Tracked$.$anonfun$lastOutput$1(Tracked.scala:74)[0m
[0m[[0m[31merror[0m] [0m[0m	at sbt.internal.LibraryManagement$.$anonfun$cachedUpdate$20(LibraryManagement.scala:147)[0m
[0m[[0m[31merror[0m] [0m[0m	at scala.util.control.Exception$Catch.apply(Exception.scala:228)[0m
[0m[[0m[31merror[0m] [0m[0m	at sbt.internal.LibraryManagement$.$anonfun$cachedUpdate$11(LibraryManagement.scala:147)[0m
[0m[[0m[31merror[0m] [0m[0m	at sbt.internal.LibraryManagement$.$anonfun$cachedUpdate$11$adapted(LibraryManagement.scala:128)[0m
[0m[[0m[31merror[0m] [0m[0m	at sbt.util.Tracked$.$anonfun$inputChangedW$1(Tracked.scala:220)[0m
[0m[[0m[31merror[0m] [0m[0m	at sbt.internal.LibraryManagement$.cachedUpdate(LibraryManagement.scala:161)[0m
[0m[[0m[31merror[0m] [0m[0m	at sbt.Classpaths$.$anonfun$updateTask0$1(Defaults.scala:3799)[0m
[0m[[0m[31merror[0m] [0m[0m	at scala.Function1.$anonfun$compose$1(Function1.scala:49)[0m
[0m[[0m[31merror[0m] [0m[0m	at sbt.internal.util.$tilde$greater.$anonfun$$u2219$1(TypeFunctions.scala:63)[0m
[0m[[0m[31merror[0m] [0m[0m	at sbt.std.Transform$$anon$4.work(Transform.scala:69)[0m
[0m[[0m[31merror[0m] [0m[0m	at sbt.Execute.$anonfun$submit$2(Execute.scala:283)[0m
[0m[[0m[31merror[0m] [0m[0m	at sbt.internal.util.ErrorHandling$.wideConvert(ErrorHandling.scala:24)[0m
[0m[[0m[31merror[0m] [0m[0m	at sbt.Execute.work(Execute.scala:292)[0m
[0m[[0m[31merror[0m] [0m[0m	at sbt.Execute.$anonfun$submit$1(Execute.scala:283)[0m
[0m[[0m[31merror[0m] [0m[0m	at sbt.ConcurrentRestrictions$$anon$4.$anonfun$submitValid$1(ConcurrentRestrictions.scala:265)[0m
[0m[[0m[31merror[0m] [0m[0m	at sbt.CompletionService$$anon$2.call(CompletionService.scala:65)[0m
[0m[[0m[31merror[0m] [0m[0m	at java.base/java.util.concurrent.FutureTask.run(FutureTask.java:264)[0m
[0m[[0m[31merror[0m] [0m[0m	at java.base/java.util.concurrent.Executors$RunnableAdapter.call(Executors.java:515)[0m
[0m[[0m[31merror[0m] [0m[0m	at java.base/java.util.concurrent.FutureTask.run(FutureTask.java:264)[0m
[0m[[0m[31merror[0m] [0m[0m	at java.base/java.util.concurrent.ThreadPoolExecutor.runWorker(ThreadPoolExecutor.java:1128)[0m
[0m[[0m[31merror[0m] [0m[0m	at java.base/java.util.concurrent.ThreadPoolExecutor$Worker.run(ThreadPoolExecutor.java:628)[0m
[0m[[0m[31merror[0m] [0m[0m	at java.base/java.lang.Thread.run(Thread.java:834)[0m
[0m[[0m[31merror[0m] [0m[0m([31mupdate[0m) sbt.librarymanagement.ResolveException: Error downloading org.geotools:gt-process:23.3[0m
[0m[[0m[31merror[0m] [0m[0m  Not found[0m
[0m[[0m[31merror[0m] [0m[0m  Not found[0m
[0m[[0m[31merror[0m] [0m[0m  not found: C:\Users\Siddh\.ivy2\local\org.geotools\gt-process\23.3\ivys\ivy.xml[0m
[0m[[0m[31merror[0m] [0m[0m  not found: https://repo1.maven.org/maven2/org/geotools/gt-process/23.3/gt-process-23.3.pom[0m
[0m[[0m[31merror[0m] [0m[0m  not found: https://repo.locationtech.org/content/groups/releases/org/geotools/gt-process/23.3/gt-process-23.3.pom[0m
[0m[[0m[31merror[0m] [0m[0m  not found: https://repository.apache.org/content/repositories/releases/org/geotools/gt-process/23.3/gt-process-23.3.pom[0m
[0m[[0m[31merror[0m] [0m[0mError downloading org.geotools:gt-referencing:23.3[0m
[0m[[0m[31merror[0m] [0m[0m  Not found[0m
[0m[[0m[31merror[0m] [0m[0m  Not found[0m
[0m[[0m[31merror[0m] [0m[0m  not found: C:\Users\Siddh\.ivy2\local\org.geotools\gt-referencing\23.3\ivys\ivy.xml[0m
[0m[[0m[31merror[0m] [0m[0m  not found: https://repo1.maven.org/maven2/org/geotools/gt-referencing/23.3/gt-referencing-23.3.pom[0m
[0m[[0m[31merror[0m] [0m[0m  not found: https://repo.locationtech.org/content/groups/releases/org/geotools/gt-referencing/23.3/gt-referencing-23.3.pom[0m
[0m[[0m[31merror[0m] [0m[0m  not found: https://repository.apache.org/content/repositories/releases/org/geotools/gt-referencing/23.3/gt-referencing-23.3.pom[0m
[0m[[0m[31merror[0m] [0m[0mError downloading org.geotools:gt-shapefile:23.3[0m
[0m[[0m[31merror[0m] [0m[0m  Not found[0m
[0m[[0m[31merror[0m] [0m[0m  Not found[0m
[0m[[0m[31merror[0m] [0m[0m  not found: C:\Users\Siddh\.ivy2\local\org.geotools\gt-shapefile\23.3\ivys\ivy.xml[0m
[0m[[0m[31merror[0m] [0m[0m  not found: https://repo1.maven.org/maven2/org/geotools/gt-shapefile/23.3/gt-shapefile-23.3.pom[0m
[0m[[0m[31merror[0m] [0m[0m  not found: https://repo.locationtech.org/content/groups/releases/org/geotools/gt-shapefile/23.3/gt-shapefile-23.3.pom[0m
[0m[[0m[31merror[0m] [0m[0m  not found: https://repository.apache.org/content/repositories/releases/org/geotools/gt-shapefile/23.3/gt-shapefile-23.3.pom[0m
[0m[[0m[31merror[0m] [0m[0mError downloading org.geotools:gt-metadata:23.3[0m
[0m[[0m[31merror[0m] [0m[0m  Not found[0m
[0m[[0m[31merror[0m] [0m[0m  Not found[0m
[0m[[0m[31merror[0m] [0m[0m  not found: C:\Users\Siddh\.ivy2\local\org.geotools\gt-metadata\23.3\ivys\ivy.xml[0m
[0m[[0m[31merror[0m] [0m[0m  not found: https://repo1.maven.org/maven2/org/geotools/gt-metadata/23.3/gt-metadata-23.3.pom[0m
[0m[[0m[31merror[0m] [0m[0m  not found: https://repo.locationtech.org/content/groups/releases/org/geotools/gt-metadata/23.3/gt-metadata-23.3.pom[0m
[0m[[0m[31merror[0m] [0m[0m  not found: https://repository.apache.org/content/repositories/releases/org/geotools/gt-metadata/23.3/gt-metadata-23.3.pom[0m
[0m[[0m[31merror[0m] [0m[0mError downloading org.geotools:gt-transform:23.3[0m
[0m[[0m[31merror[0m] [0m[0m  Not found[0m
[0m[[0m[31merror[0m] [0m[0m  Not found[0m
[0m[[0m[31merror[0m] [0m[0m  not found: C:\Users\Siddh\.ivy2\local\org.geotools\gt-transform\23.3\ivys\ivy.xml[0m
[0m[[0m[31merror[0m] [0m[0m  not found: https://repo1.maven.org/maven2/org/geotools/gt-transform/23.3/gt-transform-23.3.pom[0m
[0m[[0m[31merror[0m] [0m[0m  not found: https://repo.locationtech.org/content/groups/releases/org/geotools/gt-transform/23.3/gt-transform-23.3.pom[0m
[0m[[0m[31merror[0m] [0m[0m  not found: https://repository.apache.org/content/repositories/releases/org/geotools/gt-transform/23.3/gt-transform-23.3.pom[0m
[0m[[0m[31merror[0m] [0m[0mError downloading org.geotools:gt-process-feature:23.3[0m
[0m[[0m[31merror[0m] [0m[0m  Not found[0m
[0m[[0m[31merror[0m] [0m[0m  Not found[0m
[0m[[0m[31merror[0m] [0m[0m  not found: C:\Users\Siddh\.ivy2\local\org.geotools\gt-process-feature\23.3\ivys\ivy.xml[0m
[0m[[0m[31merror[0m] [0m[0m  not found: https://repo1.maven.org/maven2/org/geotools/gt-process-feature/23.3/gt-process-feature-23.3.pom[0m
[0m[[0m[31merror[0m] [0m[0m  not found: https://repo.locationtech.org/content/groups/releases/org/geotools/gt-process-feature/23.3/gt-process-feature-23.3.pom[0m
[0m[[0m[31merror[0m] [0m[0m  not found: https://repository.apache.org/content/repositories/releases/org/geotools/gt-process-feature/23.3/gt-process-feature-23.3.pom[0m
[0m[[0m[31merror[0m] [0m[0mError downloading org.geotools:gt-opengis:23.3[0m
[0m[[0m[31merror[0m] [0m[0m  Not found[0m
[0m[[0m[31merror[0m] [0m[0m  Not found[0m
[0m[[0m[31merror[0m] [0m[0m  not found: C:\Users\Siddh\.ivy2\local\org.geotools\gt-opengis\23.3\ivys\ivy.xml[0m
[0m[[0m[31merror[0m] [0m[0m  not found: https://repo1.maven.org/maven2/org/geotools/gt-opengis/23.3/gt-opengis-23.3.pom[0m
[0m[[0m[31merror[0m] [0m[0m  not found: https://repo.locationtech.org/content/groups/releases/org/geotools/gt-opengis/23.3/gt-opengis-23.3.pom[0m
[0m[[0m[31merror[0m] [0m[0m  not found: https://repository.apache.org/content/repositories/releases/org/geotools/gt-opengis/23.3/gt-opengis-23.3.pom[0m
[0m[[0m[31merror[0m] [0m[0mError downloading org.geotools:gt-grid:23.3[0m
[0m[[0m[31merror[0m] [0m[0m  Not found[0m
[0m[[0m[31merror[0m] [0m[0m  Not found[0m
[0m[[0m[31merror[0m] [0m[0m  not found: C:\Users\Siddh\.ivy2\local\org.geotools\gt-grid\23.3\ivys\ivy.xml[0m
[0m[[0m[31merror[0m] [0m[0m  not found: https://repo1.maven.org/maven2/org/geotools/gt-grid/23.3/gt-grid-23.3.pom[0m
[0m[[0m[31merror[0m] [0m[0m  not found: https://repo.locationtech.org/content/groups/releases/org/geotools/gt-grid/23.3/gt-grid-23.3.pom[0m
[0m[[0m[31merror[0m] [0m[0m  not found: https://repository.apache.org/content/repositories/releases/org/geotools/gt-grid/23.3/gt-grid-23.3.pom[0m
[0m[[0m[31merror[0m] [0m[0mError downloading org.geotools:gt-cql:23.3[0m
[0m[[0m[31merror[0m] [0m[0m  Not found[0m
[0m[[0m[31merror[0m] [0m[0m  Not found[0m
[0m[[0m[31merror[0m] [0m[0m  not found: C:\Users\Siddh\.ivy2\local\org.geotools\gt-cql\23.3\ivys\ivy.xml[0m
[0m[[0m[31merror[0m] [0m[0m  not found: https://repo1.maven.org/maven2/org/geotools/gt-cql/23.3/gt-cql-23.3.pom[0m
[0m[[0m[31merror[0m] [0m[0m  not found: https://repo.locationtech.org/content/groups/releases/org/geotools/gt-cql/23.3/gt-cql-23.3.pom[0m
[0m[[0m[31merror[0m] [0m[0m  not found: https://repository.apache.org/content/repositories/releases/org/geotools/gt-cql/23.3/gt-cql-23.3.pom[0m
[0m[[0m[31merror[0m] [0m[0mError downloading org.geotools:gt-render:23.3[0m
[0m[[0m[31merror[0m] [0m[0m  Not found[0m
[0m[[0m[31merror[0m] [0m[0m  Not found[0m
[0m[[0m[31merror[0m] [0m[0m  not found: C:\Users\Siddh\.ivy2\local\org.geotools\gt-render\23.3\ivys\ivy.xml[0m
[0m[[0m[31merror[0m] [0m[0m  not found: https://repo1.maven.org/maven2/org/geotools/gt-render/23.3/gt-render-23.3.pom[0m
[0m[[0m[31merror[0m] [0m[0m  not found: https://repo.locationtech.org/content/groups/releases/org/geotools/gt-render/23.3/gt-render-23.3.pom[0m
[0m[[0m[31merror[0m] [0m[0m  not found: https://repository.apache.org/content/repositories/releases/org/geotools/gt-render/23.3/gt-render-23.3.pom[0m
[0m[[0m[31merror[0m] [0m[0mError downloading org.geotools:gt-main:23.3[0m
[0m[[0m[31merror[0m] [0m[0m  Not found[0m
[0m[[0m[31merror[0m] [0m[0m  Not found[0m
[0m[[0m[31merror[0m] [0m[0m  not found: C:\Users\Siddh\.ivy2\local\org.geotools\gt-main\23.3\ivys\ivy.xml[0m
[0m[[0m[31merror[0m] [0m[0m  not found: https://repo1.maven.org/maven2/org/geotools/gt-main/23.3/gt-main-23.3.pom[0m
[0m[[0m[31merror[0m] [0m[0m  not found: https://repo.locationtech.org/content/groups/releases/org/geotools/gt-main/23.3/gt-main-23.3.pom[0m
[0m[[0m[31merror[0m] [0m[0m  not found: https://repository.apache.org/content/repositories/releases/org/geotools/gt-main/23.3/gt-main-23.3.pom[0m
[0m[[0m[31merror[0m] [0m[0mTotal time: 21 s, completed 05-Sep-2023, 1:52:38 PM[0m
[0m[[0m[0mdebug[0m] [0m[0m> Exec(shell, None, None)[0m
[0m[[0m[0mdebug[0m] [0m[0mForcing garbage collection...[0m
